<?xml version="1.0" encoding="UTF-8" ?>
<testsuite tests="6" failures="0" name="com.algaworks.brewer.venda.TabelaItensVendaTest" time="0.048" errors="0" skipped="0">
  <properties>
[...]
</properties>
  <testcase classname="com.algaworks.brewer.venda.TabelaItensVendaTest" name="deveCalcularValorTotalSemItens" time="0.041"/>
  <testcase classname="com.algaworks.brewer.venda.TabelaItensVendaTest" name="deveAlterarQuantidadeDoItem" time="0.002"/>
  <testcase classname="com.algaworks.brewer.venda.TabelaItensVendaTest" name="naoInsereCervejaDuplicada" time="0.001"/>
  <testcase classname="com.algaworks.brewer.venda.TabelaItensVendaTest" name="deveExcluirItem" time="0.004"/>
  <testcase classname="com.algaworks.brewer.venda.TabelaItensVendaTest" name="deveCalcularValorTotalcomVariosItens" time="0"/>
  <testcase classname="com.algaworks.brewer.venda.TabelaItensVendaTest" name="deveCalcularValorTotalcomUmItem" time="0"/>
</testsuite>